ERROR:root:Error on 16-Aug-2022-14-46-34-881874 :
INFO:django.utils.autoreload:D:\Python Projects\report_portal\Scripts\Portal\reports\oracle_config.py changed, reloading.
ERROR:root:Error on 17-Aug-2022-10-10-02-003818 :
ERROR:root:Error on 17-Aug-2022-10-10-17-552681 :
ERROR:root:Error on 17-Aug-2022-10-10-54-847085 :
ERROR:root:Error on 17-Aug-2022-10-11-02-821354 :
INFO:django.utils.autoreload:D:\Python Projects\report_portal\Scripts\Portal\reports\oracle_config.py changed, reloading.
ERROR:root:Error on 17-Aug-2022-10-12-10-947341 :
ERROR:django.request:Internal Server Error: /opd_consultation_report/
Traceback (most recent call last):
  File "D:\Python Projects\report_portal\lib\site-packages\django\core\handlers\exception.py", line 55, in inner
    response = get_response(request)
  File "D:\Python Projects\report_portal\lib\site-packages\django\core\handlers\base.py", line 197, in _get_response
    response = wrapped_callback(request, *callback_args, **callback_kwargs)
  File "D:\Python Projects\report_portal\lib\site-packages\django\contrib\auth\decorators.py", line 23, in _wrapped_view
    return view_func(request, *args, **kwargs)
  File "D:\Python Projects\report_portal\Scripts\Portal\reports\decorators.py", line 29, in wrapper_func
    return view_func(request, *args,**kwargs)
  File "D:\Python Projects\report_portal\Scripts\Portal\reports\views.py", line 6073, in opd_consultation_report
    opd_consultation_report_value, column_name = db.get_opd_consultation_report(
  File "D:\Python Projects\report_portal\Scripts\Portal\reports\oracle_config.py", line 3485, in get_opd_consultation_report
    self.cursor.execute(opd_consultation_report_qurey, [from_date, to_date])
cx_Oracle.DatabaseError: ORA-00904: "KH": invalid identifier
WARNING:django.request:Not Found: /favicon.ico
ERROR:django.request:Internal Server Error: /opd_consultation_report/
Traceback (most recent call last):
  File "D:\Python Projects\report_portal\lib\site-packages\django\core\handlers\exception.py", line 55, in inner
    response = get_response(request)
  File "D:\Python Projects\report_portal\lib\site-packages\django\core\handlers\base.py", line 197, in _get_response
    response = wrapped_callback(request, *callback_args, **callback_kwargs)
  File "D:\Python Projects\report_portal\lib\site-packages\django\contrib\auth\decorators.py", line 23, in _wrapped_view
    return view_func(request, *args, **kwargs)
  File "D:\Python Projects\report_portal\Scripts\Portal\reports\decorators.py", line 29, in wrapper_func
    return view_func(request, *args,**kwargs)
  File "D:\Python Projects\report_portal\Scripts\Portal\reports\views.py", line 6073, in opd_consultation_report
    opd_consultation_report_value, column_name = db.get_opd_consultation_report(
  File "D:\Python Projects\report_portal\Scripts\Portal\reports\oracle_config.py", line 3485, in get_opd_consultation_report
    self.cursor.execute(opd_consultation_report_qurey, [from_date, to_date])
cx_Oracle.DatabaseError: ORA-00904: "RH": invalid identifier
WARNING:django.request:Not Found: /favicon.ico
ERROR:root:Error on 17-Aug-2022-10-13-53-811693 :
ERROR:root:Error on 17-Aug-2022-10-14-04-753902 :
ERROR:root:Error on 17-Aug-2022-10-14-29-338778 :
ERROR:root:Error on 17-Aug-2022-10-14-37-869022 :
ERROR:root:Error on 17-Aug-2022-10-14-50-747044 :
ERROR:root:Error on 17-Aug-2022-10-15-34-154320 :
ERROR:root:Error on 17-Aug-2022-10-15-41-885772 :
ERROR:root:Error on 17-Aug-2022-10-16-25-004365 :
ERROR:root:Error on 17-Aug-2022-10-16-32-967638 :
INFO:django.utils.autoreload:D:\Python Projects\report_portal\Scripts\Portal\reports\views.py changed, reloading.
ERROR:root:Error on 17-Aug-2022-10-24-30-429245 :
ERROR:root:Error on 17-Aug-2022-10-24-42-972937 :
ERROR:root:Error on 17-Aug-2022-10-24-54-093634 :
ERROR:root:Error on 17-Aug-2022-10-25-00-409369 :
ERROR:root:Error on 17-Aug-2022-10-25-07-928399 :
ERROR:root:Error on 17-Aug-2022-10-25-14-398623 :
ERROR:root:Error on 17-Aug-2022-10-25-21-646683 :
ERROR:root:Error on 17-Aug-2022-10-25-34-868003 :
ERROR:root:Error on 17-Aug-2022-10-30-01-552113 :
ERROR:root:Error on 17-Aug-2022-10-31-46-062812 :
ERROR:root:Error on 17-Aug-2022-10-31-54-587832 :
ERROR:root:Error on 17-Aug-2022-10-32-29-026485 :
INFO:django.utils.autoreload:D:\Python Projects\report_portal\Scripts\Portal\reports\oracle_config.py changed, reloading.
ERROR:root:Error on 17-Aug-2022-10-42-16-441939 :
INFO:django.utils.autoreload:D:\Python Projects\report_portal\Scripts\Portal\reports\oracle_config.py changed, reloading.
ERROR:root:Error on 17-Aug-2022-10-50-50-549979 :
ERROR:django.request:Internal Server Error: /schedule_h1_drug_report/
Traceback (most recent call last):
  File "D:\Python Projects\report_portal\lib\site-packages\django\core\handlers\exception.py", line 55, in inner
    response = get_response(request)
  File "D:\Python Projects\report_portal\lib\site-packages\django\core\handlers\base.py", line 197, in _get_response
    response = wrapped_callback(request, *callback_args, **callback_kwargs)
  File "D:\Python Projects\report_portal\lib\site-packages\django\contrib\auth\decorators.py", line 23, in _wrapped_view
    return view_func(request, *args, **kwargs)
  File "D:\Python Projects\report_portal\Scripts\Portal\reports\decorators.py", line 29, in wrapper_func
    return view_func(request, *args,**kwargs)
  File "D:\Python Projects\report_portal\Scripts\Portal\reports\views.py", line 1713, in schedule_h1_drug_report
    schedule_h1_drug_report_value, column_name = db.get_schedule_h1_drug_report(
  File "D:\Python Projects\report_portal\Scripts\Portal\reports\oracle_config.py", line 736, in get_schedule_h1_drug_report
    self.cursor.execute(schedule_h1_drug_report_query, [from_date, to_date])
cx_Oracle.DatabaseError: ORA-00904: "RH": invalid identifier
ERROR:root:Error on 17-Aug-2022-10-52-47-824899 :
ERROR:root:Error on 17-Aug-2022-10-56-31-773916 :
INFO:django.utils.autoreload:D:\Python Projects\report_portal\Scripts\Portal\reports\oracle_config.py changed, reloading.
ERROR:root:Error on 17-Aug-2022-10-58-07-440616 :
INFO:django.utils.autoreload:D:\Python Projects\report_portal\Scripts\Portal\reports\views.py changed, reloading.
ERROR:root:Error on 17-Aug-2022-11-06-24-599008 :
INFO:django.utils.autoreload:D:\Python Projects\report_portal\Scripts\Portal\reports\views.py changed, reloading.
ERROR:root:Error on 17-Aug-2022-11-07-25-653839 :
ERROR:root:Error on 17-Aug-2022-11-07-42-212298 :
ERROR:root:Error on 17-Aug-2022-11-07-56-966504 :
ERROR:root:Error on 17-Aug-2022-11-08-12-197950 :
INFO:django.utils.autoreload:D:\Python Projects\report_portal\Scripts\Portal\reports\views.py changed, reloading.
ERROR:root:Error on 17-Aug-2022-11-24-58-006676 :
INFO:django.utils.autoreload:D:\Python Projects\report_portal\Scripts\Portal\reports\oracle_config.py changed, reloading.
ERROR:root:Error on 17-Aug-2022-11-25-42-784360 :
ERROR:root:Error on 17-Aug-2022-11-25-52-126528 :
INFO:django.utils.autoreload:D:\Python Projects\report_portal\Scripts\Portal\reports\views.py changed, reloading.
ERROR:root:Error on 17-Aug-2022-11-29-34-816586 :
ERROR:root:Error on 17-Aug-2022-11-29-50-460423 :
INFO:django.utils.autoreload:D:\Python Projects\report_portal\Scripts\Portal\reports\views.py changed, reloading.
ERROR:root:Error on 17-Aug-2022-11-34-08-021979 :
ERROR:root:Error on 17-Aug-2022-11-34-22-157518 :
INFO:django.utils.autoreload:D:\Python Projects\report_portal\Scripts\Portal\reports\oracle_config.py changed, reloading.
ERROR:root:Error on 17-Aug-2022-11-41-41-067709 :
ERROR:root:Error on 17-Aug-2022-11-41-46-698036 :
ERROR:root:Error on 17-Aug-2022-11-41-58-361524 :
ERROR:root:Error on 17-Aug-2022-11-42-07-718884 :
ERROR:root:Error on 17-Aug-2022-11-42-16-159737 :
ERROR:root:Error on 17-Aug-2022-11-44-00-894691 :
INFO:django.utils.autoreload:D:\Python Projects\report_portal\Scripts\Portal\reports\views.py changed, reloading.
ERROR:root:Error on 17-Aug-2022-11-47-37-427726 :
ERROR:root:Error on 17-Aug-2022-11-48-10-805548 :
ERROR:root:Error on 17-Aug-2022-11-48-27-857233 :
INFO:django.utils.autoreload:D:\Python Projects\report_portal\Scripts\Portal\reports\views.py changed, reloading.
ERROR:root:Error on 17-Aug-2022-11-54-31-434957 :
ERROR:root:Error on 17-Aug-2022-11-54-38-345058 :
ERROR:root:Error on 17-Aug-2022-11-54-47-213966 :
INFO:django.utils.autoreload:D:\Python Projects\report_portal\Scripts\Portal\reports\views.py changed, reloading.
ERROR:root:Error on 17-Aug-2022-12-12-50-577876 :
INFO:django.utils.autoreload:D:\Python Projects\report_portal\Scripts\Portal\reports\oracle_config.py changed, reloading.
ERROR:root:Error on 17-Aug-2022-12-24-05-159237 :
ERROR:root:Error on 17-Aug-2022-12-24-05-160221 :
INFO:django.utils.autoreload:D:\Python Projects\report_portal\Scripts\Portal\reports\views.py changed, reloading.
ERROR:root:Error on 17-Aug-2022-12-28-17-025724 :
INFO:django.utils.autoreload:D:\Python Projects\report_portal\Scripts\Portal\reports\views.py changed, reloading.
ERROR:root:Error on 17-Aug-2022-12-31-14-791410 :
INFO:django.utils.autoreload:D:\Python Projects\report_portal\Scripts\Portal\reports\views.py changed, reloading.
ERROR:root:Error on 17-Aug-2022-12-36-34-284045 :
INFO:django.utils.autoreload:D:\Python Projects\report_portal\Scripts\Portal\reports\views.py changed, reloading.
ERROR:root:Error on 17-Aug-2022-12-39-35-589559 :
ERROR:root:Error on 17-Aug-2022-12-39-51-518176 :
ERROR:root:Error on 17-Aug-2022-12-39-51-687319 :
ERROR:root:Error on 17-Aug-2022-12-40-02-334292 :
INFO:django.utils.autoreload:D:\Python Projects\report_portal\Scripts\Portal\reports\views.py changed, reloading.
ERROR:root:Error on 17-Aug-2022-12-50-52-501767 :
ERROR:root:Error on 17-Aug-2022-12-51-18-870927 :
ERROR:root:Error on 17-Aug-2022-12-52-44-208668 :
ERROR:root:Error on 17-Aug-2022-12-52-51-174950 :
ERROR:root:Error on 17-Aug-2022-12-52-56-635809 :
ERROR:root:Error on 17-Aug-2022-12-53-00-248940 :
INFO:django.utils.autoreload:D:\Python Projects\report_portal\Scripts\Portal\reports\oracle_config.py changed, reloading.
ERROR:root:Error on 17-Aug-2022-12-55-14-574317 :
INFO:django.utils.autoreload:D:\Python Projects\report_portal\Scripts\Portal\reports\oracle_config.py changed, reloading.
ERROR:root:Error on 17-Aug-2022-12-55-21-787294 :
ERROR:root:Error on 17-Aug-2022-12-55-32-010414 :
INFO:django.utils.autoreload:D:\Python Projects\report_portal\Scripts\Portal\reports\oracle_config.py changed, reloading.
ERROR:root:Error on 17-Aug-2022-13-01-20-731160 :
ERROR:root:Error on 17-Aug-2022-13-01-27-744247 :
INFO:django.utils.autoreload:D:\Python Projects\report_portal\Scripts\Portal\reports\views.py changed, reloading.
ERROR:root:Error on 17-Aug-2022-13-08-05-036614 :
INFO:django.utils.autoreload:D:\Python Projects\report_portal\Scripts\Portal\reports\oracle_config.py changed, reloading.
ERROR:root:Error on 17-Aug-2022-13-09-30-117873 :
INFO:django.utils.autoreload:D:\Python Projects\report_portal\Scripts\Portal\reports\views.py changed, reloading.
ERROR:root:Error on 17-Aug-2022-14-33-17-920037 :
ERROR:root:Error on 17-Aug-2022-14-33-50-609341 :
ERROR:root:Error on 17-Aug-2022-14-33-56-784752 :
INFO:django.utils.autoreload:D:\Python Projects\report_portal\Scripts\Portal\reports\views.py changed, reloading.
ERROR:root:Error on 17-Aug-2022-14-36-21-260368 :
ERROR:root:Error on 17-Aug-2022-14-36-30-265101 :
ERROR:root:Error on 17-Aug-2022-14-36-50-858734 :
ERROR:root:Error on 17-Aug-2022-14-37-03-624764 :
ERROR:root:Error on 17-Aug-2022-14-37-04-075209 :
ERROR:root:Error on 17-Aug-2022-14-37-15-542968 :
INFO:django.utils.autoreload:D:\Python Projects\report_portal\Scripts\Portal\reports\views.py changed, reloading.
ERROR:root:Error on 17-Aug-2022-14-41-06-868893 :
INFO:django.utils.autoreload:D:\Python Projects\report_portal\Scripts\Portal\reports\views.py changed, reloading.
ERROR:root:Error on 17-Aug-2022-14-41-49-303869 :
INFO:django.utils.autoreload:D:\Python Projects\report_portal\Scripts\Portal\reports\views.py changed, reloading.
ERROR:root:Error on 17-Aug-2022-14-49-24-412419 :
ERROR:root:Error on 17-Aug-2022-14-49-32-897789 :
ERROR:root:Error on 17-Aug-2022-14-49-46-000827 :
INFO:django.utils.autoreload:D:\Python Projects\report_portal\Scripts\Portal\reports\views.py changed, reloading.
ERROR:root:Error on 17-Aug-2022-14-54-50-753502 :
ERROR:root:Error on 17-Aug-2022-14-54-56-785656 :
INFO:django.utils.autoreload:D:\Python Projects\report_portal\Scripts\Portal\reports\oracle_config.py changed, reloading.
ERROR:root:Error on 17-Aug-2022-14-55-13-300139 :
INFO:django.utils.autoreload:D:\Python Projects\report_portal\Scripts\Portal\reports\views.py changed, reloading.
ERROR:root:Error on 17-Aug-2022-15-01-06-213601 :
ERROR:root:Error on 17-Aug-2022-15-01-21-978778 :
ERROR:root:Error on 17-Aug-2022-15-01-40-483242 :
ERROR:root:Error on 17-Aug-2022-15-01-54-076426 :
INFO:django.utils.autoreload:D:\Python Projects\report_portal\Scripts\Portal\reports\views.py changed, reloading.
ERROR:root:Error on 17-Aug-2022-15-11-48-681318 :
ERROR:root:Error on 17-Aug-2022-15-12-00-249923 :
INFO:django.utils.autoreload:D:\Python Projects\report_portal\Scripts\Portal\reports\views.py changed, reloading.
ERROR:root:Error on 17-Aug-2022-15-17-02-307761 :
ERROR:root:Error on 17-Aug-2022-15-17-09-352821 :
ERROR:root:Error on 17-Aug-2022-15-17-16-712439 :
ERROR:root:Error on 17-Aug-2022-15-17-25-064324 :
ERROR:root:Error on 17-Aug-2022-15-17-35-097323 :
INFO:django.utils.autoreload:D:\Python Projects\report_portal\Scripts\Portal\reports\oracle_config.py changed, reloading.
ERROR:root:Error on 17-Aug-2022-15-22-45-962203 :
ERROR:root:Error on 17-Aug-2022-15-22-53-653386 :
ERROR:root:Error on 17-Aug-2022-15-23-01-063603 :
INFO:django.utils.autoreload:D:\Python Projects\report_portal\Scripts\Portal\reports\views.py changed, reloading.
ERROR:root:Error on 17-Aug-2022-15-28-51-674647 :
ERROR:root:Error on 17-Aug-2022-15-29-01-281590 :
ERROR:root:Error on 17-Aug-2022-15-29-13-169965 :
INFO:django.utils.autoreload:D:\Python Projects\report_portal\Scripts\Portal\reports\views.py changed, reloading.
ERROR:root:Error on 17-Aug-2022-15-33-05-614500 :
ERROR:root:Error on 17-Aug-2022-15-33-11-811809 :
ERROR:root:Error on 17-Aug-2022-15-33-19-693828 :
ERROR:root:Error on 17-Aug-2022-15-33-25-411805 :
ERROR:root:Error on 17-Aug-2022-15-33-31-352095 :
ERROR:root:Error on 17-Aug-2022-15-33-38-343062 :
ERROR:root:Error on 17-Aug-2022-15-33-46-672398 :
ERROR:root:Error on 17-Aug-2022-15-34-00-051004 :
ERROR:root:Error on 17-Aug-2022-15-34-26-331544 :
INFO:django.utils.autoreload:D:\Python Projects\report_portal\Scripts\Portal\reports\views.py changed, reloading.
ERROR:root:Error on 17-Aug-2022-15-39-33-039879 :
ERROR:root:Error on 17-Aug-2022-15-39-33-229446 :
ERROR:root:Error on 17-Aug-2022-15-39-49-640246 :
ERROR:root:Error on 17-Aug-2022-15-39-59-246476 :
ERROR:root:Error on 17-Aug-2022-15-40-10-160832 :
INFO:django.utils.autoreload:D:\Python Projects\report_portal\Scripts\Portal\reports\oracle_config.py changed, reloading.
ERROR:root:Error on 17-Aug-2022-15-43-09-028543 :
ERROR:root:Error on 17-Aug-2022-15-43-18-757164 :
INFO:django.utils.autoreload:D:\Python Projects\report_portal\Scripts\Portal\reports\views.py changed, reloading.
ERROR:root:Error on 17-Aug-2022-15-46-06-029922 :
ERROR:root:Error on 17-Aug-2022-15-46-16-940242 :
INFO:django.utils.autoreload:D:\Python Projects\report_portal\Scripts\Portal\reports\views.py changed, reloading.
ERROR:root:Error on 17-Aug-2022-15-47-58-528985 :
ERROR:root:Error on 17-Aug-2022-15-48-08-555988 :
INFO:django.utils.autoreload:D:\Python Projects\report_portal\Scripts\Portal\reports\oracle_config.py changed, reloading.
ERROR:root:Error on 17-Aug-2022-15-49-56-569101 :
ERROR:root:Error on 17-Aug-2022-15-50-05-934094 :
ERROR:root:Error on 17-Aug-2022-15-50-07-350401 :
ERROR:root:Error on 17-Aug-2022-15-50-19-071718 :
INFO:django.utils.autoreload:D:\Python Projects\report_portal\Scripts\Portal\reports\oracle_config.py changed, reloading.
ERROR:root:Error on 17-Aug-2022-15-51-10-625283 :
ERROR:root:Error on 17-Aug-2022-15-51-12-519722 :
ERROR:root:Error on 17-Aug-2022-15-51-20-204398 :
INFO:django.utils.autoreload:D:\Python Projects\report_portal\Scripts\Portal\reports\oracle_config.py changed, reloading.
ERROR:root:Error on 17-Aug-2022-15-56-03-119997 :
ERROR:root:Error on 17-Aug-2022-15-56-24-855164 :
ERROR:root:Error on 17-Aug-2022-15-56-42-186633 :
INFO:django.utils.autoreload:D:\Python Projects\report_portal\Scripts\Portal\reports\oracle_config.py changed, reloading.
ERROR:root:Error on 17-Aug-2022-15-59-33-137869 :
ERROR:root:Error on 17-Aug-2022-15-59-44-867309 :
INFO:django.utils.autoreload:D:\Python Projects\report_portal\Scripts\Portal\reports\views.py changed, reloading.
ERROR:root:Error on 17-Aug-2022-16-04-32-086846 :
ERROR:root:Error on 17-Aug-2022-16-04-37-865670 :
ERROR:root:Error on 17-Aug-2022-16-04-55-321033 :
ERROR:root:Error on 17-Aug-2022-16-05-02-443316 :
ERROR:root:Error on 17-Aug-2022-16-05-09-404248 :
ERROR:root:Error on 17-Aug-2022-16-06-34-562482 :
ERROR:root:Error on 17-Aug-2022-16-11-39-771692 :
INFO:django.utils.autoreload:D:\Python Projects\report_portal\Scripts\Portal\reports\oracle_config.py changed, reloading.
ERROR:root:Error on 17-Aug-2022-16-14-07-619980 :
ERROR:root:Error on 17-Aug-2022-16-14-21-738661 :
ERROR:root:Error on 17-Aug-2022-16-14-31-581936 :
ERROR:root:Error on 17-Aug-2022-16-14-41-528949 :
ERROR:root:Error on 17-Aug-2022-16-20-38-329047 :
ERROR:root:Error on 17-Aug-2022-16-20-46-512354 :
ERROR:root:Error on 17-Aug-2022-16-28-54-903785 :
INFO:django.utils.autoreload:D:\Python Projects\report_portal\Scripts\Portal\reports\oracle_config.py changed, reloading.
ERROR:root:Error on 18-Aug-2022-10-44-02-572251 :
